<?xml version="1.0" encoding="UTF-8"?>
<!-- Generated by org.testng.reporters.JUnitXMLReporter -->
<testsuite hostname="RDU-WD-2653" ignored="0" name="Minimum Sleep Test" tests="1" failures="1" timestamp="15 Nov 2017 15:36:33 GMT" time="19.414" errors="0">
  <testcase name="f" time="16.394" classname="testScripts.MinimumSleepTest">
    <failure type="java.lang.NullPointerException">
      <![CDATA[java.lang.NullPointerException
	at testScripts.MinimumSleepTest.f(MinimumSleepTest.java:53)
... Removed 25 stack frames]]>
    </failure>
  </testcase> <!-- f -->
</testsuite> <!-- Minimum Sleep Test -->
